*** Start analyzing build configuration ***
*** List of included argument files ***
    Build configuration file:  /home/student/mwygrzywalski/VDIC/.dvt/lab00.build
    -F /home/student/mwygrzywalski/VDIC/lab00/sv.f
*** Done analyzing build configuration [7 ms] ***

*** Start VHDL build ***
*** Done parsing [102.0 ms] ***
*** Total number of lines [0] ***
Performing post full build step 1 (VHDL - RU) [7 ms] ...
*** Done VHDL build [110 ms] ***

*** Start SystemVerilog build ***
*** Invocation #1***
Loading (1) /home/student/mwygrzywalski/VDIC/lab00/counter.sv ...
Done /home/student/mwygrzywalski/VDIC/lab00/counter.sv [29 ms, 30 lines, SystemVerilog_2012] ...
*** Done invocation #1 [10 ms] ***
*** Done parsing [LT 7.0 ms, PT 10.0 ms] ***
*** Total number of lines [30] ***
Performing post full build actions ...
Performing post full build step 1 (SRI) [0 ms] ...
Performing post full build step 2 (RI) [0 ms] ...
Performing post full build step 3 (RCP) [0 ms] ...
*** Done SystemVerilog build [31 ms] ***

*** Start mixed mode extension build ***
Performing mixed post full build step 1 (VHDL - RU) [10 ms] ...
Performing mixed post full build step 2 (VHDL - RT) [101 ms] ...
Performing mixed post full build step 3 (VHDL - RD) [5 ms] ...
Performing mixed post full build step 4 (VHDL - FSC) [53 ms] ...
Performing mixed post full build step 5 (VHDL - RPC) [0 ms] ...
Performing mixed post full build step 6 (VHDL - US) [0 ms] ...
Performing mixed post full build step 7 (VHDL - USBD) [51 ms] ...
Performing mixed post full build step 1 (Verilog - RI) [1 ms] ...
Performing mixed post full build step 2 (Verilog - RC) [0 ms] ...
Performing mixed post full build step 3 (Verilog - RPC) [0 ms] ...
Performing mixed post full build step 4 (Verilog - RD) [0 ms] ...
Performing mixed post full build step 5 (Verilog - FSC) [52 ms] ...
Performing mixed post full build step 6 (Verilog - EV) [52 ms] ...
Performing mixed post full build step 7 (Verilog - US) [51 ms] ...
*** Done mixed mode extension build [459 ms] ***
*** Start adding/validating the DVT Auto-Linked resources ***
*** Done adding/validating the DVT Auto-Linked resources [1 ms] ***
*** Total build time [611 ms] ***
