TOOL:	xrun	19.09-s003: Started on Dec 12, 2020 at 16:28:37 CET
xrun
	-elaborate
	-l xrun_elaborate.log
	-f dut.f
		mtm_Alu.vp
	-f tb.f
		mtm_Alu_pkg.sv
		mtm_Alu_bfm.sv
		top.sv
		+incdir+tb_classes
		+incdir+.
	-v93
	+nowarnDSEM2009
	+nowarnDSEMEL
	+nowarnCGDEFN
	-xmlibdirname INCA_libs
	+overwrite
	-nocopyright
	-coverage all
	-covoverwrite
	-covfile xrun_covfile.txt
INCLUDE $PDK_DIR/cds/cds.lib
|
xrun: *W,DLCVAR (/student/mwygrzywalski/cds.lib,1): cds.lib Invalid environment variable ''.
INCLUDE $PDK_DIR/cds/cds.lib
|
xrun: *W,DLCVAR (/home/student/mwygrzywalski/cds.lib,1): cds.lib Invalid environment variable ''.
INCLUDE $PDK_DIR/cds/cds.lib
|
xrun: *W,DLCVAR (/home/student/mwygrzywalski/cds.lib,1): cds.lib Invalid environment variable ''.
INCLUDE $PDK_DIR/cds/cds.lib
|
xrun: *W,DLCVAR (/home/student/mwygrzywalski/cds.lib,1): cds.lib Invalid environment variable ''.
INCLUDE $PDK_DIR/cds/cds.lib
|
xrun: *W,DLCVAR (/student/mwygrzywalski/cds.lib,1): cds.lib Invalid environment variable ''.
INCLUDE $PDK_DIR/cds/cds.lib
|
xrun: *W,DLCVAR (/student/mwygrzywalski/cds.lib,1): cds.lib Invalid environment variable ''.
INCLUDE $PDK_DIR/cds/cds.lib
|
xrun: *W,DLCVAR (/student/mwygrzywalski/cds.lib,1): cds.lib Invalid environment variable ''.
INCLUDE $PDK_DIR/cds/cds.lib
|
xrun: *W,DLCVAR (/student/mwygrzywalski/cds.lib,1): cds.lib Invalid environment variable ''.
INCLUDE $PDK_DIR/cds/cds.lib
|
xrun: *W,DLCVAR (/student/mwygrzywalski/cds.lib,1): cds.lib Invalid environment variable ''.
INCLUDE $PDK_DIR/cds/cds.lib
|
xmelab: *W,DLCVAR (/student/mwygrzywalski/cds.lib,1): cds.lib Invalid environment variable ''.
		Caching library 'worklib' ....... Done
	Elaborating the design hierarchy:
	Top level design units:
		mtm_Alu_pkg
		top

	Extracting FSMs for coverage:
		worklib.mtm_Alu
		worklib.top
	Total FSMs extracted = 0
	Building instance overlay tables: .................... Done
	Enabling instrumentation for coverage types: block expression FSM toggle functional
	Generating native compiled code:
INCLUDE $PDK_DIR/cds/cds.lib
|
xmvlog_cg: *W,DLCVAR (/student/mwygrzywalski/cds.lib,1): cds.lib Invalid environment variable ''.
			streams:   7, words:  3972
			streams:   9, words: 25661
			streams:   7, words:  3321
		worklib.top:sv <0x6e255444>
			streams:   4, words:  1081
		worklib.mtm_Alu_pkg:sv <0x611a7bb2>
			streams:  11, words:  6210
		worklib.mtm_Alu_pkg:sv <0x45c4ec9b>
			streams:  10, words: 13376
		worklib.mtm_Alu_pkg:sv <0x7b41d4b5>
			streams:  14, words: 10171
		worklib.mtm_Alu_pkg:sv <0x78ca37ad>
			streams:   9, words:  5103
		worklib.mtm_Alu_bfm:sv <0x7fbbadb6>
			streams:  14, words: 46622
		worklib.mtm_Alu_pkg:sv <0x6ffaf3b5>
			streams:   0, words:     0
	Building instance specific data structures.
	Performing constant object marking (COM) analysis.
	Loading native compiled code:     .................... Done
	Design hierarchy summary:
		                     Instances  Unique
		Modules:                     5       5
		Interfaces:                  1       1
		Verilog packages:            1       1
		Registers:                 159     176
		Scalar wires:                7       -
		Vectored wires:              2       -
		Always blocks:              12      12
		Initial blocks:              3       3
		Parallel blocks:             1       1
		Pseudo assignments:          3       3
		Covergroup Instances:        0       3
		SV Class declarations:       4       4
		SV Class specializations:    4       4
		Simulation timescale:      1ps
	Writing initial simulation snapshot: worklib.top:sv
TOOL:	xrun	19.09-s003: Exiting on Dec 12, 2020 at 16:28:38 CET  (total: 00:00:01)
