TOOL:	xrun	19.09-s003: Started on Oct 30, 2020 at 01:02:45 CET
xrun
	-f dut.f
		mtm_Alu.vp
	-f tb.f
		mtm_Alu_tb.sv
	-v93
	+nowarnDSEM2009
	+nowarnDSEMEL
	+nowarnCGDEFN
	-xmlibdirname INCA_libs_gui
	+access+r
	+gui
	+overwrite
	-nocopyright
	-coverage all
	-covoverwrite
	-covfile xrun_covfile.txt
	-covtest lab01
	-l xrun_gui.log
	-s
INCLUDE $PDK_DIR/cds/cds.lib
|
xrun: *W,DLCVAR (/home/student/mwygrzywalski/cds.lib,1): cds.lib Invalid environment variable ''.
INCLUDE $PDK_DIR/cds/cds.lib
|
xrun: *W,DLCVAR (/home/student/mwygrzywalski/cds.lib,1): cds.lib Invalid environment variable ''.
INCLUDE $PDK_DIR/cds/cds.lib
|
xrun: *W,DLCVAR (/home/student/mwygrzywalski/cds.lib,1): cds.lib Invalid environment variable ''.
INCLUDE $PDK_DIR/cds/cds.lib
|
xrun: *W,DLCVAR (/home/student/mwygrzywalski/cds.lib,1): cds.lib Invalid environment variable ''.
Recompiling... reason: file './mtm_Alu_tb.sv' is newer than expected.
	expected: Fri Oct 30 00:32:08 2020
	actual:   Fri Oct 30 01:02:34 2020
INCLUDE $PDK_DIR/cds/cds.lib
|
xrun: *W,DLCVAR (/home/student/mwygrzywalski/cds.lib,1): cds.lib Invalid environment variable ''.
INCLUDE $PDK_DIR/cds/cds.lib
|
xmvlog: *W,DLCVAR (/home/student/mwygrzywalski/cds.lib,1): cds.lib Invalid environment variable ''.
file: mtm_Alu_tb.sv
	module worklib.mtm_Alu_tb:sv
		errors: 0, warnings: 0
	Total errors/warnings found outside modules and primitives:
		errors: 0, warnings: 1
INCLUDE $PDK_DIR/cds/cds.lib
|
xrun: *W,DLCVAR (/home/student/mwygrzywalski/cds.lib,1): cds.lib Invalid environment variable ''.
INCLUDE $PDK_DIR/cds/cds.lib
|
xrun: *W,DLCVAR (/home/student/mwygrzywalski/cds.lib,1): cds.lib Invalid environment variable ''.
INCLUDE $PDK_DIR/cds/cds.lib
|
xmelab: *W,DLCVAR (/home/student/mwygrzywalski/cds.lib,1): cds.lib Invalid environment variable ''.
		Caching library 'worklib' ....... Done
	Elaborating the design hierarchy:
	Top level design units:
		mtm_Alu_tb

	Extracting FSMs for coverage:
		worklib.mtm_Alu
		worklib.mtm_Alu_tb
	Total FSMs extracted = 0
	Building instance overlay tables: .................... Done
	Enabling instrumentation for coverage types: block expression FSM toggle functional
	Generating native compiled code:
INCLUDE $PDK_DIR/cds/cds.lib
|
xmvlog_cg: *W,DLCVAR (/home/student/mwygrzywalski/cds.lib,1): cds.lib Invalid environment variable ''.
		worklib.mtm_Alu_tb:sv <0x6fac8476>
			streams:  15, words: 24437
	Building instance specific data structures.
	Performing constant object marking (COM) analysis.
	Loading native compiled code:     .................... Done
	Design hierarchy summary:
		                 Instances  Unique
		Modules:                 5       5
		Registers:             104     104
		Scalar wires:            7       -
		Vectored wires:          2       -
		Always blocks:          12      12
		Initial blocks:          3       3
		Pseudo assignments:      1       1
		Simulation timescale:  1ps
	Writing initial simulation snapshot: worklib.mtm_Alu_tb:sv
INCLUDE $PDK_DIR/cds/cds.lib
|
xmsim: *W,DLCVAR (/home/student/mwygrzywalski/cds.lib,1): cds.lib Invalid environment variable ''.
xcelium> 
xcelium> source /cad/XCELIUM1909/tools/xcelium/files/xmsimrc
xcelium> 
-------------------------------------
Relinquished control to SimVision...
# Restoring simulation environment...
xcelium> input -quiet .reinvoke.sim
xcelium> file delete .reinvoke.sim
xcelium> run
Simulation complete via $finish(1) at time 7020 NS + 0
./mtm_Alu_tb.sv:230 	#30 $finish;
xcelium> 