TOOL:	xrun	19.09-s003: Started on Oct 20, 2020 at 22:32:52 CEST
xrun
	-compile
	-l xrun_compile.log
	-f dut.f
		tinyalu_dut/single_cycle_add_and_xor.vhd
		tinyalu_dut/three_cycle_mult.vhd
		tinyalu_dut/tinyalu.vhd
	-f tb.f
		tinyalu_tb.sv
	-v93
	+nowarnDSEM2009
	+nowarnDSEMEL
	+nowarnCGDEFN
	-xmlibdirname INCA_libs_gui
	+access+r
	+gui
	+overwrite
	-nocopyright
	-coverage all
	-covoverwrite
	-covfile xrun_covfile.txt
INCLUDE $PDK_DIR/cds/cds.lib
|
xrun: *W,DLCVAR (/home/student/mwygrzywalski/cds.lib,1): cds.lib Invalid environment variable ''.
INCLUDE $PDK_DIR/cds/cds.lib
|
xrun: *W,DLCVAR (/home/student/mwygrzywalski/cds.lib,1): cds.lib Invalid environment variable ''.
INCLUDE $PDK_DIR/cds/cds.lib
|
xrun: *W,DLCVAR (/home/student/mwygrzywalski/cds.lib,1): cds.lib Invalid environment variable ''.
INCLUDE $PDK_DIR/cds/cds.lib
|
xrun: *W,DLCVAR (/home/student/mwygrzywalski/cds.lib,1): cds.lib Invalid environment variable ''.
INCLUDE $PDK_DIR/cds/cds.lib
|
xrun: *W,DLCVAR (/home/student/mwygrzywalski/cds.lib,1): cds.lib Invalid environment variable ''.
INCLUDE $PDK_DIR/cds/cds.lib
|
xmvlog: *W,DLCVAR (/home/student/mwygrzywalski/cds.lib,1): cds.lib Invalid environment variable ''.
file: tinyalu_tb.sv
	module worklib.top:sv
		errors: 0, warnings: 0
	Total errors/warnings found outside modules and primitives:
		errors: 0, warnings: 1
INCLUDE $PDK_DIR/cds/cds.lib
|
xmvhdl: *W,DLCVAR (/home/student/mwygrzywalski/cds.lib,1): cds.lib Invalid environment variable ''.
INCLUDE $PDK_DIR/cds/cds.lib
|
xmvhdl_p: *W,DLCVAR (/home/student/mwygrzywalski/cds.lib,1): cds.lib Invalid environment variable ''.
tinyalu_dut/single_cycle_add_and_xor.vhd:
	errors: 0, warnings: 0
tinyalu_dut/three_cycle_mult.vhd:
	errors: 0, warnings: 0
tinyalu_dut/tinyalu.vhd:
	errors: 0, warnings: 0
INCLUDE $PDK_DIR/cds/cds.lib
|
xmvhdl_cg: *W,DLCVAR (/home/student/mwygrzywalski/cds.lib,1): cds.lib Invalid environment variable ''.
WORKLIB.SINGLE_CYCLE (entity):
	streams: 13, words: 985
WORKLIB.SINGLE_CYCLE:ADD_AND_XOR (architecture):
	streams: 1, words: 114
WORKLIB.THREE_CYCLE (entity):
	streams: 11, words: 760
WORKLIB.THREE_CYCLE:MULT (architecture):
	streams: 1, words: 926
WORKLIB.TINYALU (entity):
	streams: 13, words: 985
WORKLIB.TINYALU:RTL (architecture):
	streams: 3, words: 3608
INCLUDE $PDK_DIR/cds/cds.lib
|
xrun: *W,DLCVAR (/home/student/mwygrzywalski/cds.lib,1): cds.lib Invalid environment variable ''.
INCLUDE $PDK_DIR/cds/cds.lib
|
xrun: *W,DLCVAR (/home/student/mwygrzywalski/cds.lib,1): cds.lib Invalid environment variable ''.
TOOL:	xrun	19.09-s003: Exiting on Oct 20, 2020 at 22:32:53 CEST  (total: 00:00:01)
