*I,RUNLD: Successfully loaded run /home/student/mwygrzywalski/VDIC/lab05part2/cov_work/scope/dual_test.
*I,MERGL1: Merging Simulation Coverage ...
----------------------------
*I,MERGL1: Preparing target model ...
*I,MERGL1: Reading model of primary run (cov_work/scope/dual_test) as initial model: cov_work/scope/icc_00ea0786_36760538.ucm
*I,MERGL1: Target model generated successfully.
*I,MERGL1: Projecting Simulation ucd data into the target model ...
*I,MERGL2:   cov_work/scope/dual_test:
*I,MERGL3:       Data is projected in to the target model.
*I,MERGL1: Writing output database cov_work/scope/merged_results:
*I,MERGL2:   Model: cov_work/scope/merged_results/icc_00ea0786_36760538.ucm
*I,MERGL2:   Data : cov_work/scope/merged_results/icc_00ea0786_36760538.ucd
*I,MERGL1: No Specman coverage databases found in the runs.
Total conflicts during target model creation: 0
Total items not merged                      : 0
Total runs not considered during target model creation: 0
Total runs not merged                                 : 0
*I,RUNLD: Successfully loaded run /home/student/mwygrzywalski/VDIC/lab05part2/cov_work/scope/merged_results.
*W,REPDEP: This is a legacy report and no future enhancement is planned for this report. It is recommended that you use the 'report_metrics' command and generate a dynamic report.
name                                     Overall Average      Overall Covered      Code Average         Code Covered         Fsm Average          Fsm Covered          Functional Average   Functional Covered   
-----------------------------------------------------------------------------------------------------------------------------------------------------------------------------------------------------------------
uvm_pkg                                  n/a                  n/a                  n/a                  n/a                  n/a                  n/a                  n/a                  n/a                  
|--uvm_test_top                          n/a                  n/a                  n/a                  n/a                  n/a                  n/a                  n/a                  n/a                  
| |--env_h                               n/a                  n/a                  n/a                  n/a                  n/a                  n/a                  n/a                  n/a                  
| | |--class_mtm_Alu_agent_h             n/a                  n/a                  n/a                  n/a                  n/a                  n/a                  n/a                  n/a                  
| | | |--coverage_h                      80.56%               70.00% (28/40)       n/a                  n/a                  n/a                  n/a                  80.56%               70.00% (28/40)       
| | |--module_mtm_Alu_agent_h            n/a                  n/a                  n/a                  n/a                  n/a                  n/a                  n/a                  n/a                  
| | | |--coverage_h                      61.11%               90.00% (36/40)       n/a                  n/a                  n/a                  n/a                  61.11%               90.00% (36/40)       
top                                      100.00%              100.00% (3/3)        100.00%              100.00% (3/3)        n/a                  n/a                  n/a                  n/a                  
|--class_bfm                             83.60%               90.75% (157/173)     83.60%               90.75% (157/173)     n/a                  n/a                  n/a                  n/a                  
|--class_dut_mtm_Alu                     94.64%               94.64% (53/56)       94.64%               94.64% (53/56)       n/a                  n/a                  n/a                  n/a                  
|--module_bfm                            67.88%               65.32% (113/173)     67.88%               65.32% (113/173)     n/a                  n/a                  n/a                  n/a                  
|--module_dut_mtm_Alu                    92.86%               92.86% (52/56)       92.86%               92.86% (52/56)       n/a                  n/a                  n/a                  n/a                  
|--stim_module                           65.85%               65.85% (27/41)       65.85%               65.85% (27/41)       n/a                  n/a                  n/a                  n/a                  
