TOOL:	xrun	19.09-s003: Started on Dec 14, 2020 at 20:36:30 CET
xrun
	-compile
	-l xrun_compile.log
	-f dut.f
		mtm_Alu.vp
	-f tb.f
		mtm_Alu_pkg.sv
		mtm_Alu_bfm.sv
		top.sv
		+incdir+tb_classes
	-v93
	+nowarnDSEM2009
	+nowarnDSEMEL
	+nowarnCGDEFN
	+nowarnXCLGNOPTM
	+nowarnRNDXCELON
	-xmlibdirname INCA_libs
	+overwrite
	-nocopyright
	-coverage all
	-covoverwrite
	-covfile xrun_covfile.txt
	-uvm
	+UVM_NO_RELNOTES
	+UVM_VERBOSITY=MEDIUM

   User defined plus("+") options:
	+UVM_NO_RELNOTES
	+UVM_VERBOSITY=MEDIUM

Compiling UVM packages (uvm_pkg.sv cdns_uvm_pkg.sv) using uvmhome location /cad/XCELIUM1909/tools/methodology/UVM/CDNS-1.1d
file: mtm_Alu.vp
	module worklib.mtm_Alu:vp
		errors: 0, warnings: 0
		errors: 0, warnings: 0
		errors: 0, warnings: 0
		errors: 0, warnings: 0
file: mtm_Alu_pkg.sv
	package worklib.mtm_Alu_pkg:sv
		errors: 0, warnings: 0
file: mtm_Alu_bfm.sv
	interface worklib.mtm_Alu_bfm:sv
		errors: 0, warnings: 0
file: top.sv
	module worklib.top:sv
		errors: 0, warnings: 0
TOOL:	xrun	19.09-s003: Exiting on Dec 14, 2020 at 20:36:30 CET  (total: 00:00:00)
