TOOL:	xrun	19.09-s003: Started on Feb 07, 2021 at 00:01:05 CET
xrun
	-compile
	-l xrun_compile.log
	-f dut.f
		mtm_Alu.vp
	-f tb.f
		mtm_Alu_pkg.sv
		mtm_Alu_bfm.sv
		top.sv
		+incdir+tb_classes
		+incdir+.
	-v93
	+nowarnDSEM2009
	+nowarnDSEMEL
	+nowarnCGDEFN
	+nowarnXCLGNOPTM
	+nowarnRNDXCELON
	-xmlibdirname INCA_libs
	+overwrite
	-nocopyright
	-coverage all
	-covoverwrite
	-covfile xrun_covfile.txt
	-uvm
	+UVM_NO_RELNOTES
	+UVM_VERBOSITY=MEDIUM

   User defined plus("+") options:
	+UVM_NO_RELNOTES
	+UVM_VERBOSITY=MEDIUM

Compiling UVM packages (uvm_pkg.sv cdns_uvm_pkg.sv) using uvmhome location /cad/XCELIUM1909/tools/methodology/UVM/CDNS-1.1d
file: mtm_Alu.vp
	module worklib.mtm_Alu:vp
		errors: 0, warnings: 0
		errors: 0, warnings: 0
		errors: 0, warnings: 0
		errors: 0, warnings: 0
file: mtm_Alu_pkg.sv
		cmd_f.try_get(cmd);
		            |
xmvlog: *W,FUNTSK (tb_classes/scoreboard.svh,33|14): function called as a task without void'().
	package worklib.mtm_Alu_pkg:sv
		errors: 0, warnings: 1
file: mtm_Alu_bfm.sv
		op = d[6:4];
		     |
xmvlog: *W,ENUMERR (mtm_Alu_bfm.sv,112|7): This assignment is a violation of SystemVerilog strong typing rules for enumeration datatypes.
	interface worklib.mtm_Alu_bfm:sv
		errors: 0, warnings: 1
file: top.sv
	module worklib.top:sv
		errors: 0, warnings: 0
TOOL:	xrun	19.09-s003: Exiting on Feb 07, 2021 at 00:01:06 CET  (total: 00:00:01)
